
> Configure project :kotlin-address
w: The following Kotlin/Native targets cannot be built on this machine and are disabled:
iosArm64, iosSimulatorArm64, iosX64, watchosArm64, watchosSimulatorArm64, watchosX64
To hide this message, add 'kotlin.native.ignoreDisabledTargets=true' to the Gradle properties.


> Configure project :kotlin-tx-builder
w: The following Kotlin/Native targets cannot be built on this machine and are disabled:
iosArm64, iosSimulatorArm64, iosX64, watchosArm64, watchosSimulatorArm64, watchosX64
To hide this message, add 'kotlin.native.ignoreDisabledTargets=true' to the Gradle properties.


> Configure project :kotlin-utxo
w: The Default Kotlin Hierarchy Template was not applied to 'project ':kotlin-utxo'':
Explicit .dependsOn() edges were configured for the following source sets:
[androidMain, iosArm64Main, iosMain, iosSimulatorArm64Main, iosX64Main, jvmMain, watchosArm64Main, watchosMain, watchosSimulatorArm64Main]

Consider removing dependsOn-calls or disabling the default template by adding
    'kotlin.mpp.applyDefaultHierarchyTemplate=false'
to your gradle.properties

Learn more about hierarchy templates: https://kotl.in/hierarchy-template


> Configure project :kotlin-blockchain-client
w: The following Kotlin/Native targets cannot be built on this machine and are disabled:
iosArm64, iosSimulatorArm64, iosX64, watchosArm64, watchosSimulatorArm64, watchosX64
To hide this message, add 'kotlin.native.ignoreDisabledTargets=true' to the Gradle properties.

w: The Default Kotlin Hierarchy Template was not applied to 'project ':kotlin-blockchain-client'':
Explicit .dependsOn() edges were configured for the following source sets:
[iosArm64Main, iosMain, iosSimulatorArm64Main, iosX64Main, watchosArm64Main, watchosMain, watchosSimulatorArm64Main, watchosX64Main]

Consider removing dependsOn-calls or disabling the default template by adding
    'kotlin.mpp.applyDefaultHierarchyTemplate=false'
to your gradle.properties

Learn more about hierarchy templates: https://kotl.in/hierarchy-template


> Configure project :kotlin-solana:amount
w: file:///D:/OtherProject/mine/crypto/kotlin-solana/amount/build.gradle.kts:13:21: 'default((KotlinHierarchyBuilder.Root.() -> Unit)? = ...): Unit' is deprecated. Replace with 'kotlin.applyDefaultHierarchyTemplate'
e: file:///D:/OtherProject/mine/crypto/kotlin-solana/amount/build.gradle.kts:15:5: Using 'android(Action<KotlinAndroidTarget>): KotlinAndroidTarget' is an error. Please use androidTarget() instead. Learn more here: https://kotl.in/android-target-dsl
w: file:///D:/OtherProject/mine/crypto/kotlin-solana/amount/build.gradle.kts:17:13: 'kotlinOptions(KotlinJvmOptions.() -> Unit): Unit' is deprecated. Please migrate to the compilerOptions DSL. More details are here: https://kotl.in/u1r8ln
w: Missing 'androidTarget()' Kotlin target in multiplatform project 'amount (:amount)'.
The Android Gradle plugin was applied without creating a corresponding 'android()' Kotlin Target:

```
plugins {
    id("com.android.library")
    kotlin("multiplatform")
}

kotlin {
    androidTarget() // <-- please register this Android target
}
```


FAILURE: Build failed with an exception.

* Where:
Build file 'D:\OtherProject\mine\crypto\kotlin-solana\amount\build.gradle.kts' line: 13

* What went wrong:
Script compilation errors:

  Line 13:     targetHierarchy.default()
                               ^ 'default((KotlinHierarchyBuilder.Root.() -> Unit)? = ...): Unit' is deprecated. Replace with 'kotlin.applyDefaultHierarchyTemplate'

  Line 15:     android {
               ^ Using 'android(Action<KotlinAndroidTarget>): KotlinAndroidTarget' is an error. Please use androidTarget() instead. Learn more here: https://kotl.in/android-target-dsl

  Line 17:             kotlinOptions {
                       ^ 'kotlinOptions(KotlinJvmOptions.() -> Unit): Unit' is deprecated. Please migrate to the compilerOptions DSL. More details are here: https://kotl.in/u1r8ln

3 errors

* Try:
> Run with --stacktrace option to get the stack trace.
> Run with --info or --debug option to get more log output.
> Run with --scan to get full insights.
> Get more help at https://help.gradle.org.

BUILD FAILED in 5s
